  Compiling CUDA source file ..\..\mnist.cu...
  Compiling CUDA source file ..\..\runmnist.cu...
  
  C:\Users\billyu\Dropbox\ECE-552\cs550nn\genann_edited\batch\batch>"C:\Program Files\NVIDIA GPU Computing Toolkit\CUDA\v9.0\bin\nvcc.exe" -gencode=arch=compute_30,code=\"sm_30,compute_30\" --use-local-env --cl-version 2017 -ccbin "C:\Program Files (x86)\Microsoft Visual Studio\2017\Community\VC\Tools\MSVC\14.11.25503\bin\HostX86\x64" -x cu  -I"C:\Program Files\NVIDIA GPU Computing Toolkit\CUDA\v9.0\include" -I"C:\Program Files\NVIDIA GPU Computing Toolkit\CUDA\v9.0\include"  -G   --keep-dir x64\Debug -maxrregcount=0  --machine 64 --compile -cudart static  -g   -DWIN32 -DWIN64 -D_DEBUG -D_CONSOLE -D_MBCS -Xcompiler "/EHsc /W3 /nologo /Od /FS /Zi /RTC1 /MDd " -o x64\Debug\runmnist.cu.obj "C:\Users\billyu\Dropbox\ECE-552\cs550nn\genann_edited\runmnist.cu" 
  
  C:\Users\billyu\Dropbox\ECE-552\cs550nn\genann_edited\batch\batch>"C:\Program Files\NVIDIA GPU Computing Toolkit\CUDA\v9.0\bin\nvcc.exe" -gencode=arch=compute_30,code=\"sm_30,compute_30\" --use-local-env --cl-version 2017 -ccbin "C:\Program Files (x86)\Microsoft Visual Studio\2017\Community\VC\Tools\MSVC\14.11.25503\bin\HostX86\x64" -x cu  -I"C:\Program Files\NVIDIA GPU Computing Toolkit\CUDA\v9.0\include" -I"C:\Program Files\NVIDIA GPU Computing Toolkit\CUDA\v9.0\include"  -G   --keep-dir x64\Debug -maxrregcount=0  --machine 64 --compile -cudart static  -g   -DWIN32 -DWIN64 -D_DEBUG -D_CONSOLE -D_MBCS -Xcompiler "/EHsc /W3 /nologo /Od /FS /Zi /RTC1 /MDd " -o x64\Debug\mnist.cu.obj "C:\Users\billyu\Dropbox\ECE-552\cs550nn\genann_edited\mnist.cu" 
CUDACOMPILE : error : couldn't get arguments: The parameter is incorrect
  mnist.cu
C:\Program Files (x86)\Microsoft Visual Studio\2017\Community\Common7\IDE\VC\VCTargets\BuildCustomizations\CUDA 9.0.targets(707,9): error MSB3721: The command ""C:\Program Files\NVIDIA GPU Computing Toolkit\CUDA\v9.0\bin\nvcc.exe" -gencode=arch=compute_30,code=\"sm_30,compute_30\" --use-local-env --cl-version 2017 -ccbin "C:\Program Files (x86)\Microsoft Visual Studio\2017\Community\VC\Tools\MSVC\14.11.25503\bin\HostX86\x64" -x cu  -I"C:\Program Files\NVIDIA GPU Computing Toolkit\CUDA\v9.0\include" -I"C:\Program Files\NVIDIA GPU Computing Toolkit\CUDA\v9.0\include"  -G   --keep-dir x64\Debug -maxrregcount=0  --machine 64 --compile -cudart static  -g   -DWIN32 -DWIN64 -D_DEBUG -D_CONSOLE -D_MBCS -Xcompiler "/EHsc /W3 /nologo /Od /FS /Zi /RTC1 /MDd " -o x64\Debug\mnist.cu.obj "C:\Users\billyu\Dropbox\ECE-552\cs550nn\genann_edited\mnist.cu"" exited with code 1.
c:\users\billyu\dropbox\ece-552\cs550nn\genann_edited\genann_batch.cu(187): warning : variable "w" was declared but never referenced
c:\users\billyu\dropbox\ece-552\cs550nn\genann_edited\genann_batch.cu(190): warning : variable "n" was declared but never referenced
c:\users\billyu\dropbox\ece-552\cs550nn\genann_edited\genann_batch.cu(191): warning : variable "d" was declared but never referenced
C:/Users/billyu/Dropbox/ECE-552/cs550nn/genann_edited/runmnist.cu(63): warning : conversion from a string literal to "char *" is deprecated
C:/Users/billyu/Dropbox/ECE-552/cs550nn/genann_edited/runmnist.cu(64): warning : conversion from a string literal to "char *" is deprecated
C:/Users/billyu/Dropbox/ECE-552/cs550nn/genann_edited/runmnist.cu(24): error : calling a __host__ function("cudaMalloc") from a __device__ function("genann_device_copy_device") is not allowed
C:/Users/billyu/Dropbox/ECE-552/cs550nn/genann_edited/runmnist.cu(24): error : identifier "cudaMalloc" is undefined in device code
C:/Users/billyu/Dropbox/ECE-552/cs550nn/genann_edited/runmnist.cu(27): error : calling a __host__ function("cudaMemcpy") from a __device__ function("genann_device_copy_device") is not allowed
C:/Users/billyu/Dropbox/ECE-552/cs550nn/genann_edited/runmnist.cu(27): error : identifier "cudaMemcpy" is undefined in device code
C:/Users/billyu/Dropbox/ECE-552/cs550nn/genann_edited/runmnist.cu(42): error : calling a __host__ function("cudaMalloc") from a __global__ function("train_batch") is not allowed
C:/Users/billyu/Dropbox/ECE-552/cs550nn/genann_edited/runmnist.cu(42): error : identifier "cudaMalloc" is undefined in device code
C:/Users/billyu/Dropbox/ECE-552/cs550nn/genann_edited/runmnist.cu(43): error : calling a __host__ function("cudaMemset") from a __global__ function("train_batch") is not allowed
C:/Users/billyu/Dropbox/ECE-552/cs550nn/genann_edited/runmnist.cu(43): error : identifier "cudaMemset" is undefined in device code
C:/Users/billyu/Dropbox/ECE-552/cs550nn/genann_edited/runmnist.cu(45): error : calling a __host__ function("genann_train") from a __global__ function("train_batch") is not allowed
C:/Users/billyu/Dropbox/ECE-552/cs550nn/genann_edited/runmnist.cu(45): error : identifier "genann_train" is undefined in device code
  runmnist.cu
C:\Program Files (x86)\Microsoft Visual Studio\2017\Community\Common7\IDE\VC\VCTargets\BuildCustomizations\CUDA 9.0.targets(707,9): error MSB3721: The command ""C:\Program Files\NVIDIA GPU Computing Toolkit\CUDA\v9.0\bin\nvcc.exe" -gencode=arch=compute_30,code=\"sm_30,compute_30\" --use-local-env --cl-version 2017 -ccbin "C:\Program Files (x86)\Microsoft Visual Studio\2017\Community\VC\Tools\MSVC\14.11.25503\bin\HostX86\x64" -x cu  -I"C:\Program Files\NVIDIA GPU Computing Toolkit\CUDA\v9.0\include" -I"C:\Program Files\NVIDIA GPU Computing Toolkit\CUDA\v9.0\include"  -G   --keep-dir x64\Debug -maxrregcount=0  --machine 64 --compile -cudart static  -g   -DWIN32 -DWIN64 -D_DEBUG -D_CONSOLE -D_MBCS -Xcompiler "/EHsc /W3 /nologo /Od /FS /Zi /RTC1 /MDd " -o x64\Debug\runmnist.cu.obj "C:\Users\billyu\Dropbox\ECE-552\cs550nn\genann_edited\runmnist.cu"" exited with code 1.
