  Compiling CUDA source file ..\..\mnist.cu...
  Compiling CUDA source file ..\..\genann_parallel.cu...
  Compiling CUDA source file ..\..\runmnist_profiling.cu...
  
  C:\Users\billyu\Dropbox\ECE-552\cs550nn\genann_edited\5epoch\5epoch>"C:\Program Files\NVIDIA GPU Computing Toolkit\CUDA\v9.0\bin\nvcc.exe" -gencode=arch=compute_30,code=\"sm_30,compute_30\" --use-local-env --cl-version 2017 -ccbin "C:\Program Files (x86)\Microsoft Visual Studio\2017\Community\VC\Tools\MSVC\14.11.25503\bin\HostX86\x64" -x cu  -I"C:\Program Files\NVIDIA GPU Computing Toolkit\CUDA\v9.0\include" -I"C:\Program Files\NVIDIA GPU Computing Toolkit\CUDA\v9.0\include"  -G   --keep-dir x64\Debug -maxrregcount=0  --machine 64 --compile -cudart static  -g   -DWIN32 -DWIN64 -D_DEBUG -D_CONSOLE -D_MBCS -Xcompiler "/EHsc /W3 /nologo /Od /FS /Zi /RTC1 /MDd " -o x64\Debug\genann_parallel.cu.obj "C:\Users\billyu\Dropbox\ECE-552\cs550nn\genann_edited\genann_parallel.cu" 
  
  C:\Users\billyu\Dropbox\ECE-552\cs550nn\genann_edited\5epoch\5epoch>"C:\Program Files\NVIDIA GPU Computing Toolkit\CUDA\v9.0\bin\nvcc.exe" -gencode=arch=compute_30,code=\"sm_30,compute_30\" --use-local-env --cl-version 2017 -ccbin "C:\Program Files (x86)\Microsoft Visual Studio\2017\Community\VC\Tools\MSVC\14.11.25503\bin\HostX86\x64" -x cu  -I"C:\Program Files\NVIDIA GPU Computing Toolkit\CUDA\v9.0\include" -I"C:\Program Files\NVIDIA GPU Computing Toolkit\CUDA\v9.0\include"  -G   --keep-dir x64\Debug -maxrregcount=0  --machine 64 --compile -cudart static  -g   -DWIN32 -DWIN64 -D_DEBUG -D_CONSOLE -D_MBCS -Xcompiler "/EHsc /W3 /nologo /Od /FS /Zi /RTC1 /MDd " -o x64\Debug\mnist.cu.obj "C:\Users\billyu\Dropbox\ECE-552\cs550nn\genann_edited\mnist.cu" 
  
  C:\Users\billyu\Dropbox\ECE-552\cs550nn\genann_edited\5epoch\5epoch>"C:\Program Files\NVIDIA GPU Computing Toolkit\CUDA\v9.0\bin\nvcc.exe" -gencode=arch=compute_30,code=\"sm_30,compute_30\" --use-local-env --cl-version 2017 -ccbin "C:\Program Files (x86)\Microsoft Visual Studio\2017\Community\VC\Tools\MSVC\14.11.25503\bin\HostX86\x64" -x cu  -I"C:\Program Files\NVIDIA GPU Computing Toolkit\CUDA\v9.0\include" -I"C:\Program Files\NVIDIA GPU Computing Toolkit\CUDA\v9.0\include"  -G   --keep-dir x64\Debug -maxrregcount=0  --machine 64 --compile -cudart static  -g   -DWIN32 -DWIN64 -D_DEBUG -D_CONSOLE -D_MBCS -Xcompiler "/EHsc /W3 /nologo /Od /FS /Zi /RTC1 /MDd " -o x64\Debug\runmnist_profiling.cu.obj "C:\Users\billyu\Dropbox\ECE-552\cs550nn\genann_edited\runmnist_profiling.cu" 
CUDACOMPILE : error : couldn't get arguments: The parameter is incorrect
  mnist.cu
C:\Program Files (x86)\Microsoft Visual Studio\2017\Community\Common7\IDE\VC\VCTargets\BuildCustomizations\CUDA 9.0.targets(707,9): error MSB3721: The command ""C:\Program Files\NVIDIA GPU Computing Toolkit\CUDA\v9.0\bin\nvcc.exe" -gencode=arch=compute_30,code=\"sm_30,compute_30\" --use-local-env --cl-version 2017 -ccbin "C:\Program Files (x86)\Microsoft Visual Studio\2017\Community\VC\Tools\MSVC\14.11.25503\bin\HostX86\x64" -x cu  -I"C:\Program Files\NVIDIA GPU Computing Toolkit\CUDA\v9.0\include" -I"C:\Program Files\NVIDIA GPU Computing Toolkit\CUDA\v9.0\include"  -G   --keep-dir x64\Debug -maxrregcount=0  --machine 64 --compile -cudart static  -g   -DWIN32 -DWIN64 -D_DEBUG -D_CONSOLE -D_MBCS -Xcompiler "/EHsc /W3 /nologo /Od /FS /Zi /RTC1 /MDd " -o x64\Debug\mnist.cu.obj "C:\Users\billyu\Dropbox\ECE-552\cs550nn\genann_edited\mnist.cu"" exited with code 1.
C:/Users/billyu/Dropbox/ECE-552/cs550nn/genann_edited/genann_parallel.cu(179): warning : variable "w" was declared but never referenced
C:/Users/billyu/Dropbox/ECE-552/cs550nn/genann_edited/genann_parallel.cu(182): warning : variable "n" was declared but never referenced
C:/Users/billyu/Dropbox/ECE-552/cs550nn/genann_edited/genann_parallel.cu(183): warning : variable "d" was declared but never referenced
C:/Users/billyu/Dropbox/ECE-552/cs550nn/genann_edited/runmnist_profiling.cu(26): warning : conversion from a string literal to "char *" is deprecated
C:/Users/billyu/Dropbox/ECE-552/cs550nn/genann_edited/runmnist_profiling.cu(27): warning : conversion from a string literal to "char *" is deprecated
C:/Users/billyu/Dropbox/ECE-552/cs550nn/genann_edited/genann_parallel.cu(179): warning : variable "w" was declared but never referenced
C:/Users/billyu/Dropbox/ECE-552/cs550nn/genann_edited/genann_parallel.cu(182): warning : variable "n" was declared but never referenced
C:/Users/billyu/Dropbox/ECE-552/cs550nn/genann_edited/genann_parallel.cu(183): warning : variable "d" was declared but never referenced
C:/Users/billyu/Dropbox/ECE-552/cs550nn/genann_edited/runmnist_profiling.cu(26): warning : conversion from a string literal to "char *" is deprecated
C:/Users/billyu/Dropbox/ECE-552/cs550nn/genann_edited/runmnist_profiling.cu(27): warning : conversion from a string literal to "char *" is deprecated
  genann_parallel.cu
  runmnist_profiling.cu
C:/Users/billyu/Dropbox/ECE-552/cs550nn/genann_edited/runmnist_profiling.cu(65): warning C4018: '<': signed/unsigned mismatch
